0 info it worked if it ends with ok
1 verbose cli [ 'node',
1 verbose cli   '/Users/dev/.nvm/versions/node/v0.12.7/bin/npm',
1 verbose cli   'run',
1 verbose cli   'testbed' ]
2 info using npm@2.14.7
3 info using node@v0.12.7
4 verbose run-script [ 'pretestbed', 'testbed', 'posttestbed' ]
5 info pretestbed patternity@2.0.0
6 info testbed patternity@2.0.0
7 verbose unsafe-perm in lifecycle true
8 info patternity@2.0.0 Failed to exec testbed script
9 verbose stack Error: patternity@2.0.0 testbed: `node ./webpacktestbed/devServer.js`
9 verbose stack Exit status 1
9 verbose stack     at EventEmitter.<anonymous> (/Users/dev/.nvm/versions/node/v0.12.7/lib/node_modules/npm/lib/utils/lifecycle.js:214:16)
9 verbose stack     at EventEmitter.emit (events.js:110:17)
9 verbose stack     at ChildProcess.<anonymous> (/Users/dev/.nvm/versions/node/v0.12.7/lib/node_modules/npm/lib/utils/spawn.js:24:14)
9 verbose stack     at ChildProcess.emit (events.js:110:17)
9 verbose stack     at maybeClose (child_process.js:1015:16)
9 verbose stack     at Process.ChildProcess._handle.onexit (child_process.js:1087:5)
10 verbose pkgid patternity@2.0.0
11 verbose cwd /Users/dev/Code/infl/patternity
12 error Darwin 15.2.0
13 error argv "node" "/Users/dev/.nvm/versions/node/v0.12.7/bin/npm" "run" "testbed"
14 error node v0.12.7
15 error npm  v2.14.7
16 error code ELIFECYCLE
17 error patternity@2.0.0 testbed: `node ./webpacktestbed/devServer.js`
17 error Exit status 1
18 error Failed at the patternity@2.0.0 testbed script 'node ./webpacktestbed/devServer.js'.
18 error This is most likely a problem with the patternity package,
18 error not with npm itself.
18 error Tell the author that this fails on your system:
18 error     node ./webpacktestbed/devServer.js
18 error You can get their info via:
18 error     npm owner ls patternity
18 error There is likely additional logging output above.
19 verbose exit [ 1, true ]
